<?xml version="1.0" encoding="UTF-8"?>
<!-- Generated by org.testng.reporters.JUnitXMLReporter -->
<testsuite hostname="LAPTOP-0CE22SCR" ignored="0" name="Test" tests="1" failures="1" timestamp="2021-09-06T13:42:28 IST" time="3.298" errors="0">
  <testcase name="CreateLead" time="0.013" classname="com.Amiswiz1CRM.Testscript.CreateLeadTest">
    <failure type="java.lang.Error" message="Unresolved compilation problems: 
	The import com.Amiswiz cannot be resolved
	BaseTest cannot be resolved to a variable
">
      <![CDATA[java.lang.Error: Unresolved compilation problems: 
The import com.Amiswiz cannot be resolved
BaseTest cannot be resolved to a variable

at com.Amiswiz1CRM.Pages.Loginpage.<init>(Loginpage.java:7)
at com.Amiswiz1CRM.Testscript.CreateLeadTest.CreateLead(CreateLeadTest.java:20)
at java.util.ArrayList.forEach(ArrayList.java:1249)
... Removed 27 stack frames]]>
    </failure>
  </testcase> <!-- CreateLead -->
</testsuite> <!-- Test -->
