<?xml version="1.0" encoding="UTF-8"?>
<testng-results skipped="0" failed="0" ignored="0" total="1" passed="1">
  <reporter-output>
  </reporter-output>
  <suite name="Default suite" duration-ms="21048" started-at="2021-09-06T13:58:34 IST" finished-at="2021-09-06T13:58:55 IST">
    <groups>
    </groups>
    <test name="Default test" duration-ms="21048" started-at="2021-09-06T13:58:34 IST" finished-at="2021-09-06T13:58:55 IST">
      <class name="com.Amiswiz1CRM.Testscript.CreateLeadTest">
        <test-method status="PASS" signature="openBrowser()[pri:0, instance:com.Amiswiz1CRM.Testscript.CreateLeadTest@17d0685f]" name="openBrowser" is-config="true" duration-ms="2537" started-at="2021-09-06T13:58:34 IST" finished-at="2021-09-06T13:58:37 IST">
          <reporter-output>
          </reporter-output>
        </test-method> <!-- openBrowser -->
        <test-method status="PASS" signature="CreateLead()[pri:0, instance:com.Amiswiz1CRM.Testscript.CreateLeadTest@17d0685f]" name="CreateLead" duration-ms="17752" started-at="2021-09-06T13:58:37 IST" finished-at="2021-09-06T13:58:54 IST">
          <reporter-output>
          </reporter-output>
        </test-method> <!-- CreateLead -->
        <test-method status="PASS" signature="closeBrowser()[pri:0, instance:com.Amiswiz1CRM.Testscript.CreateLeadTest@17d0685f]" name="closeBrowser" is-config="true" duration-ms="695" started-at="2021-09-06T13:58:54 IST" finished-at="2021-09-06T13:58:55 IST">
          <reporter-output>
          </reporter-output>
        </test-method> <!-- closeBrowser -->
      </class> <!-- com.Amiswiz1CRM.Testscript.CreateLeadTest -->
    </test> <!-- Default test -->
  </suite> <!-- Default suite -->
</testng-results>
