<?xml version="1.0" encoding="UTF-8"?>
<testng-results skipped="0" failed="0" ignored="0" total="1" passed="1">
  <reporter-output>
  </reporter-output>
  <suite name="Suite" duration-ms="22612" started-at="2021-09-11T21:47:06 IST" finished-at="2021-09-11T21:47:28 IST">
    <groups>
    </groups>
    <test name="Test" duration-ms="22612" started-at="2021-09-11T21:47:06 IST" finished-at="2021-09-11T21:47:28 IST">
      <class name="com.Amiswiz1CRM.Testscript.CreateLeadTest">
        <test-method status="PASS" signature="openBrowser()[pri:0, instance:com.Amiswiz1CRM.Testscript.CreateLeadTest@17d0685f]" name="openBrowser" is-config="true" duration-ms="3920" started-at="2021-09-11T21:47:06 IST" finished-at="2021-09-11T21:47:10 IST">
          <reporter-output>
          </reporter-output>
        </test-method> <!-- openBrowser -->
        <test-method status="PASS" signature="CreateLead()[pri:0, instance:com.Amiswiz1CRM.Testscript.CreateLeadTest@17d0685f]" name="CreateLead" duration-ms="17213" started-at="2021-09-11T21:47:10 IST" finished-at="2021-09-11T21:47:27 IST">
          <reporter-output>
          </reporter-output>
        </test-method> <!-- CreateLead -->
        <test-method status="PASS" signature="closeBrowser()[pri:0, instance:com.Amiswiz1CRM.Testscript.CreateLeadTest@17d0685f]" name="closeBrowser" is-config="true" duration-ms="1404" started-at="2021-09-11T21:47:27 IST" finished-at="2021-09-11T21:47:28 IST">
          <reporter-output>
          </reporter-output>
        </test-method> <!-- closeBrowser -->
      </class> <!-- com.Amiswiz1CRM.Testscript.CreateLeadTest -->
    </test> <!-- Test -->
  </suite> <!-- Suite -->
</testng-results>
